<?xml version="1.0" encoding="UTF-8"?>
<!-- Generated by org.testng.reporters.JUnitXMLReporter -->
<testsuite hostname="HW0794" name="testname " tests="2" failures="0" timestamp="14 May 2015 10:53:22 GMT" time="2.014" errors="0">
  <testcase name="@BeforeClass openBrowser" time="0.0" classname="com.MagicBricks.scenarios.RentPropertyScenario">
    <failure type="org.openqa.selenium.remote.UnreachableBrowserException" message="Could not start a new session. Possible causes are invalid address of the remote server or browser start-up failure.
Build info: version: &amp;apos;2.41.0&amp;apos;, revision: &amp;apos;3192d8a6c4449dc285928ba024779344f5423c58&amp;apos;, time: &amp;apos;2014-03-27 11:29:39&amp;apos;
System info: host: &amp;apos;HW0794&amp;apos;, ip: &amp;apos;172.16.30.126&amp;apos;, os.name: &amp;apos;Windows 8&amp;apos;, os.arch: &amp;apos;x86&amp;apos;, os.version: &amp;apos;6.2&amp;apos;, java.version: &amp;apos;1.7.0_11&amp;apos;
Driver info: driver.version: ChromeDriver">
      <![CDATA[org.openqa.selenium.remote.UnreachableBrowserException: Could not start a new session. Possible causes are invalid address of the remote server or browser start-up failure.
Build info: version: '2.41.0', revision: '3192d8a6c4449dc285928ba024779344f5423c58', time: '2014-03-27 11:29:39'
System info: host: 'HW0794', ip: '172.16.30.126', os.name: 'Windows 8', os.arch: 'x86', os.version: '6.2', java.version: '1.7.0_11'
Driver info: driver.version: ChromeDriver
	at org.openqa.selenium.remote.RemoteWebDriver.execute(RemoteWebDriver.java:589)
	at org.openqa.selenium.remote.RemoteWebDriver.startSession(RemoteWebDriver.java:240)
	at org.openqa.selenium.chrome.ChromeDriver.startSession(ChromeDriver.java:181)
	at org.openqa.selenium.remote.RemoteWebDriver.<init>(RemoteWebDriver.java:126)
	at org.openqa.selenium.remote.RemoteWebDriver.<init>(RemoteWebDriver.java:139)
	at org.openqa.selenium.chrome.ChromeDriver.<init>(ChromeDriver.java:160)
	at org.openqa.selenium.chrome.ChromeDriver.<init>(ChromeDriver.java:149)
	at org.openqa.selenium.chrome.ChromeDriver.<init>(ChromeDriver.java:106)
	at com.ctaf.accelerators.TestEngine.openBrowser(TestEngine.java:202)
	at com.ctaf.dataDriver.ReadExcel.read(ReadExcel.java:75)
	at com.ctaf.dataDriver.ReadExcel.main(ReadExcel.java:117)
Caused by: org.openqa.selenium.WebDriverException: Unable to convert: {desiredCapabilities=Capabilities [{platform=ANY, browserName=chrome, chromeOptions=org.openqa.selenium.chrome.ChromeOptions@1b550c0, version=, chrome.switches=[]}]}
Build info: version: '2.41.0', revision: '3192d8a6c4449dc285928ba024779344f5423c58', time: '2014-03-27 11:29:39'
System info: host: 'HW0794', ip: '172.16.30.126', os.name: 'Windows 8', os.arch: 'x86', os.version: '6.2', java.version: '1.7.0_11'
Driver info: driver.version: ChromeDriver
	at org.openqa.selenium.remote.BeanToJsonConverter.convert(BeanToJsonConverter.java:74)
	at org.openqa.selenium.remote.HttpCommandExecutor.execute(HttpCommandExecutor.java:290)
	at org.openqa.selenium.remote.service.DriverCommandExecutor.execute(DriverCommandExecutor.java:66)
	at org.openqa.selenium.remote.RemoteWebDriver.execute(RemoteWebDriver.java:568)
	... 54 more
Build info: version: '2.41.0', revision: '3192d8a6c4449dc285928ba024779344f5423c58', time: '2014-03-27 11:29:39'
System info: host: 'HW0794', ip: '172.16.30.126', os.name: 'Windows 8', os.arch: 'x86', os.version: '6.2', java.version: '1.7.0_11'
Driver info: driver.version: ChromeDriver
	at org.openqa.selenium.remote.BeanToJsonConverter.convertObject(BeanToJsonConverter.java:236)
	at org.openqa.selenium.remote.BeanToJsonConverter.convertObject(BeanToJsonConverter.java:166)
	at org.openqa.selenium.remote.BeanToJsonConverter.convertObject(BeanToJsonConverter.java:199)
	at org.openqa.selenium.remote.BeanToJsonConverter.convertObject(BeanToJsonConverter.java:166)
	at org.openqa.selenium.remote.BeanToJsonConverter.convert(BeanToJsonConverter.java:64)
	... 57 more
	at org.openqa.selenium.remote.BeanToJsonConverter.convertObject(BeanToJsonConverter.java:230)
	... 61 more
Caused by: java.lang.NoSuchMethodError: com.google.common.collect.ImmutableList.copyOf(Ljava/util/Collection;)Lcom/google/common/collect/ImmutableList;
	at org.openqa.selenium.chrome.ChromeOptions.toJson(ChromeOptions.java:211)
	... 66 more
... Removed 50 stack frames]]>
    </failure>
  </testcase> <!-- @BeforeClass openBrowser -->
  <testcase name="@BeforeMethod reportHeader" time="0.0" classname="com.MagicBricks.scenarios.RentPropertyScenario">
    <skipped/>
  </testcase> <!-- @BeforeMethod reportHeader -->
  <testcase name="@AfterMethod tearDown" time="0.0" classname="com.MagicBricks.scenarios.RentPropertyScenario">
    <failure type="java.lang.NullPointerException">
      <![CDATA[java.lang.NullPointerException
	at com.ctaf.accelerators.TestEngine.tearDown(TestEngine.java:397)
	at com.ctaf.dataDriver.ReadExcel.read(ReadExcel.java:75)
	at com.ctaf.dataDriver.ReadExcel.main(ReadExcel.java:117)
... Removed 46 stack frames]]>
    </failure>
  </testcase> <!-- @AfterMethod tearDown -->
  <testcase name="@BeforeClass openBrowser" time="0.0" classname="com.MagicBricks.scenarios.BuyPropertyScenario">
    <skipped/>
  </testcase> <!-- @BeforeClass openBrowser -->
  <testcase name="@BeforeMethod reportHeader" time="0.0" classname="com.MagicBricks.scenarios.BuyPropertyScenario">
    <skipped/>
  </testcase> <!-- @BeforeMethod reportHeader -->
  <testcase name="@AfterMethod tearDown" time="0.0" classname="com.MagicBricks.scenarios.BuyPropertyScenario">
    <failure type="java.lang.NullPointerException">
      <![CDATA[java.lang.NullPointerException
	at com.ctaf.accelerators.TestEngine.tearDown(TestEngine.java:397)
	at com.ctaf.dataDriver.ReadExcel.read(ReadExcel.java:75)
	at com.ctaf.dataDriver.ReadExcel.main(ReadExcel.java:117)
... Removed 46 stack frames]]>
    </failure>
  </testcase> <!-- @AfterMethod tearDown -->
  <testcase name="TC_1_RentPropertySearch" time="0.0" classname="com.MagicBricks.scenarios.RentPropertyScenario">
    <skipped/>
  </testcase> <!-- TC_1_RentPropertySearch -->
  <testcase name="TC_1_BuyPropertySearch" time="0.0" classname="com.MagicBricks.scenarios.BuyPropertyScenario">
    <skipped/>
  </testcase> <!-- TC_1_BuyPropertySearch -->
</testsuite> <!-- testname  -->
